#
# There is insufficient memory for the Java Runtime Environment to continue.
# Native memory allocation (mmap) failed to map 65536 bytes. Error detail: Failed to commit metaspace.
# Possible reasons:
#   The system is out of physical RAM or swap space
#   This process is running with CompressedOops enabled, and the Java Heap may be blocking the growth of the native heap
# Possible solutions:
#   Reduce memory load on the system
#   Increase physical memory or swap space
#   Check if swap backing store is full
#   Decrease Java heap size (-Xmx/-Xms)
#   Decrease number of Java threads
#   Decrease Java thread stack sizes (-Xss)
#   Set larger code cache with -XX:ReservedCodeCacheSize=
#   JVM is running with Unscaled Compressed Oops mode in which the Java heap is
#     placed in the first 4GB address space. The Java Heap base address is the
#     maximum limit for the native heap growth. Please use -XX:HeapBaseMinAddress
#     to set the Java Heap base and to place the Java Heap above 4GB virtual address.
# This output file may be truncated or incomplete.
#
#  Out of Memory Error (virtualSpaceNode.cpp:113), pid=11068, tid=17200
#
# JRE version:  (23.0.2+7) (build )
# Java VM: OpenJDK 64-Bit Server VM (23.0.2+7-58, mixed mode, tiered, compressed oops, compressed class ptrs, g1 gc, windows-amd64)
# No core dump will be written. Minidumps are not enabled by default on client versions of Windows
#

---------------  S U M M A R Y ------------

Command Line: -Dnet.bytebuddy.agent.attacher.dump= net.bytebuddy.agent.Attacher com.sun.tools.attach.VirtualMachine 1688 C:\Users\rc055\.m2\repository\net\bytebuddy\byte-buddy-agent\1.15.11\byte-buddy-agent-1.15.11.jar false 

Host: Intel(R) Core(TM) i5-3340M CPU @ 2.70GHz, 4 cores, 3G,  Windows 10 , 64 bit Build 19041 (10.0.19041.5440)
Time: Wed Feb 12 20:03:58 2025 India Standard Time elapsed time: 0.258235 seconds (0d 0h 0m 0s)

---------------  T H R E A D  ---------------

Current thread (0x000001ed9016d620):  JavaThread "main"             [_thread_in_vm, id=17200, stack(0x00000040df700000,0x00000040df800000) (1024K)]

Stack: [0x00000040df700000,0x00000040df800000]
Native frames: (J=compiled Java code, j=interpreted, Vv=VM code, C=native code)
V  [jvm.dll+0x6e0b99]  (no source info available)
V  [jvm.dll+0x87e2b3]  (no source info available)
V  [jvm.dll+0x88073e]  (no source info available)
V  [jvm.dll+0x880e13]  (no source info available)
V  [jvm.dll+0x27b006]  (no source info available)
V  [jvm.dll+0x879ebe]  (no source info available)
V  [jvm.dll+0x6822f5]  (no source info available)
V  [jvm.dll+0x68235a]  (no source info available)
V  [jvm.dll+0x684b9a]  (no source info available)
V  [jvm.dll+0x221aec]  (no source info available)
V  [jvm.dll+0x682d0e]  (no source info available)
V  [jvm.dll+0x68d0e8]  (no source info available)
V  [jvm.dll+0x2120f1]  (no source info available)
V  [jvm.dll+0x21255a]  (no source info available)
V  [jvm.dll+0x212f81]  (no source info available)
V  [jvm.dll+0x20822e]  (no source info available)
V  [jvm.dll+0x5be93f]  (no source info available)
V  [jvm.dll+0x219c3b]  (no source info available)
V  [jvm.dll+0x7f3670]  (no source info available)
V  [jvm.dll+0x7f4716]  (no source info available)
V  [jvm.dll+0x7f4d24]  (no source info available)
V  [jvm.dll+0x7f49a8]  (no source info available)
V  [jvm.dll+0x268acb]  (no source info available)
V  [jvm.dll+0x268cf6]  (no source info available)
V  [jvm.dll+0x5e20e7]  (no source info available)
V  [jvm.dll+0x5e5196]  (no source info available)
V  [jvm.dll+0x3d5dbd]  (no source info available)
V  [jvm.dll+0x3d53bd]  (no source info available)
C  0x000001ed9fdf9bdc  (no source info available)

The last pc belongs to invokestatic (printed below).
Java frames: (J=compiled Java code, j=interpreted, Vv=VM code)
j  java.nio.Buffer.<clinit>()V+22 java.base
v  ~StubRoutines::call_stub 0x000001ed9fde0fcd
j  sun.nio.cs.StreamEncoder.<init>(Ljava/io/OutputStream;Ljava/lang/Object;Ljava/nio/charset/CharsetEncoder;)V+37 java.base
j  sun.nio.cs.StreamEncoder.<init>(Ljava/io/OutputStream;Ljava/lang/Object;Ljava/nio/charset/Charset;)V+19 java.base
j  sun.nio.cs.StreamEncoder.forOutputStreamWriter(Ljava/io/OutputStream;Ljava/lang/Object;Ljava/nio/charset/Charset;)Lsun/nio/cs/StreamEncoder;+7 java.base
j  java.io.OutputStreamWriter.<init>(Ljava/io/OutputStream;Ljava/nio/charset/Charset;)V+26 java.base
j  java.io.PrintStream.<init>(Ljava/io/OutputStream;ZLjava/nio/charset/Charset;)V+27 java.base
j  java.lang.System.newPrintStream(Ljava/io/OutputStream;Ljava/lang/String;)Ljava/io/PrintStream;+27 java.base
j  java.lang.System.initPhase1()V+147 java.base
v  ~StubRoutines::call_stub 0x000001ed9fde0fcd
Lock stack of current Java thread (top to bottom):

invokestatic  184 invokestatic  [0x000001ed9fdf9b40, 0x000001ed9fdf9e08]  712 bytes
[MachCode]
  0x000001ed9fdf9b40: 4883 ec08 | c5fa 1104 | 24eb 1f48 | 83ec 10c5 | fb11 0424 | eb14 4883 | ec10 4889 | 0424 48c7 
  0x000001ed9fdf9b60: 4424 0800 | 0000 00eb | 0150 488b | 4dd0 410f | b755 0148 | 8b49 306b | d218 488d | 4c11 080f 
  0x000001ed9fdf9b80: b659 1681 | fbb8 0000 | 000f 84bd | 0000 00bb | b800 0000 | e805 0000 | 00e9 9900 | 0000 488b 
  0x000001ed9fdf9ba0: d348 8d44 | 2408 4c89 | 6dc0 498b | cfc5 f877 | 4989 afb0 | 0300 0049 | 8987 a003 | 0000 4883 
  0x000001ed9fdf9bc0: ec20 40f6 | c40f 0f84 | 1900 0000 | 4883 ec08 | 48b8 5053 | f2bf fa7f | 0000 ffd0 | 4883 c408 
  0x000001ed9fdf9be0: e90c 0000 | 0048 b850 | 53f2 bffa | 7f00 00ff | d048 83c4 | 2049 c787 | a003 0000 | 0000 0000 
  0x000001ed9fdf9c00: 49c7 87b0 | 0300 0000 | 0000 0049 | c787 a803 | 0000 0000 | 0000 c5f8 | 7749 837f | 0800 0f84 
  0x000001ed9fdf9c20: 0500 0000 | e997 72fe | ff4c 8b6d | c04c 8b75 | c84e 8d74 | f500 c348 | 8b4d d041 | 0fb7 5501 
  0x000001ed9fdf9c40: 488b 4930 | 6bd2 1848 | 8d4c 1108 | 488b 1948 | 8b5b 0848 | 8b5b 0848 | 8b5b 1880 | bb31 0100 
  0x000001ed9fdf9c60: 0004 0f84 | 0d00 0000 | 4c3b bb38 | 0100 000f | 851a ffff | ff0f b651 | 1548 8b19 | 4c89 6dc0 
  0x000001ed9fdf9c80: 448b ea0f | b651 1449 | bae0 447d | c0fa 7f00 | 0049 8b14 | d252 418b | d54c 8b6d | c048 8b45 
  0x000001ed9fdf9ca0: d848 85c0 | 0f84 1200 | 0000 4883 | 4008 0148 | 8358 0800 | 4883 c010 | 4889 45d8 | 488b 45d8 
  0x000001ed9fdf9cc0: 4885 c00f | 8423 0100 | 0080 78f0 | 0a0f 8519 | 0100 0048 | 83c0 084c | 8b68 f841 | 83ed 0041 
  0x000001ed9fdf9ce0: 83fd 020f | 8cf8 0000 | 004c 8b6b | 0845 0fb7 | 6d2e 4c2b | 2841 83ed | 014e 8b6c | ec08 4d85 
  0x000001ed9fdf9d00: ed75 0ef6 | 4008 0175 | 4bf0 4883 | 4808 01eb | 4345 8b6d | 084d 8bd5 | 4c33 6808 | 49f7 c5fc 
  0x000001ed9fdf9d20: ffff ff74 | 2f41 f6c5 | 0275 2948 | 8378 0800 | 741e 4883 | 7808 0174 | 174d 8bea | 4c33 6808 
  0x000001ed9fdf9d40: 49f7 c5fc | ffff ff74 | 0b48 8348 | 0802 eb04 | 4c89 6808 | 4883 c010 | 4c8b 68e8 | 4183 ed02 
  0x000001ed9fdf9d60: 4183 fd02 | 0f8c 7700 | 0000 4c8b | 6b08 450f | b76d 2e4c | 2b28 4183 | ed01 4e8b | 6cec 084d 
  0x000001ed9fdf9d80: 85ed 750e | f640 0801 | 754b f048 | 8348 0801 | eb43 458b | 6d08 4d8b | d54c 3368 | 0849 f7c5 
  0x000001ed9fdf9da0: fcff ffff | 742f 41f6 | c502 7529 | 4883 7808 | 0074 1e48 | 8378 0801 | 7417 4d8b | ea4c 3368 
  0x000001ed9fdf9dc0: 0849 f7c5 | fcff ffff | 740b 4883 | 4808 02eb | 044c 8968 | 0848 83c0 | 104c 8b68 | d841 83ed 
  0x000001ed9fdf9de0: 0441 c1e5 | 0349 03c5 | 4889 45d8 | 4c8d 6c24 | 0849 8bcd | 482b cd48 | c1f9 0348 | 894d f0ff 
  0x000001ed9fdf9e00: 6350 660f | 1f44 0000 
[/MachCode]

---------------  P R O C E S S  ---------------

Threads class SMR info:
_java_thread_list=0x000001ed9020f860, length=1, elements={
0x000001ed9016d620
}

Java Threads: ( => current thread )
=>0x000001ed9016d620 JavaThread "main"                              [_thread_in_vm, id=17200, stack(0x00000040df700000,0x00000040df800000) (1024K)]
Total: 1

Other Threads:
  0x000001ed9023d450 VMThread "VM Thread"                           [id=17260, stack(0x00000040dfe00000,0x00000040dff00000) (1024K)]
  0x000001edab0ace50 WatcherThread "VM Periodic Task Thread"        [id=16696, stack(0x00000040dfd00000,0x00000040dfe00000) (1024K)]
  0x000001ed901a6340 WorkerThread "GC Thread#0"                     [id=10168, stack(0x00000040df800000,0x00000040df900000) (1024K)]
  0x000001ed901b1020 ConcurrentGCThread "G1 Main Marker"            [id=17236, stack(0x00000040df900000,0x00000040dfa00000) (1024K)]
  0x000001ed901b1b30 WorkerThread "G1 Conc#0"                       [id=12868, stack(0x00000040dfa00000,0x00000040dfb00000) (1024K)]
  0x000001ed90209ac0 ConcurrentGCThread "G1 Refine#0"               [id=6416, stack(0x00000040dfb00000,0x00000040dfc00000) (1024K)]
  0x000001ed9020c260 ConcurrentGCThread "G1 Service"                [id=2356, stack(0x00000040dfc00000,0x00000040dfd00000) (1024K)]
Total: 7

Threads with active compile tasks:
Total: 0

VM state: not at safepoint (normal execution)

VM Mutex/Monitor currently owned by a thread:  ([mutex/lock_event])
[0x00007ffac07c2888] Metaspace_lock - owner thread: 0x000001ed9016d620

Heap address: 0x00000000c1600000, size: 1002 MB, Compressed Oops mode: 32-bit

CDS archive(s) not mapped
Compressed class space mapped at: 0x0000000014000000-0x0000000054000000, reserved size: 1073741824
Narrow klass base: 0x0000000000000000, Narrow klass shift: 0, Narrow klass range: 0x54000000

GC Precious Log:
 CardTable entry size: 512
 Card Set container configuration: InlinePtr #cards 5 size 8 Array Of Cards #cards 10 size 36 Howl #buckets 4 coarsen threshold 1843 Howl Bitmap #cards 512 size 80 coarsen threshold 460 Card regions per heap region 1 cards per card region 2048
 CPUs: 4 total, 4 available
 Memory: 4000M
 Large Page Support: Disabled
 NUMA Support: Disabled
 Compressed Oops: Enabled (32-bit)
 Heap Region Size: 1M
 Heap Min Capacity: 8M
 Heap Initial Capacity: 64M
 Heap Max Capacity: 1002M
 Pre-touch: Disabled
 Parallel Workers: 4
 Concurrent Workers: 1
 Concurrent Refinement Workers: 4
 Periodic GC: Disabled

Heap:
 garbage-first heap   total reserved 1026048K, committed 65536K, used 0K [0x00000000c1600000, 0x0000000100000000)
  region size 1024K, 1 young (1024K), 0 survivors (0K)
 Metaspace       used 2695K, committed 2752K, reserved 1114112K
  class space    used 199K, committed 256K, reserved 1048576K

Heap Regions: E=young(eden), S=young(survivor), O=old, HS=humongous(starts), HC=humongous(continues), CS=collection set, F=free, TAMS=top-at-mark-start, PB=parsable bottom
|   0|0x00000000c1600000, 0x00000000c1600000, 0x00000000c1700000|  0%| F|  |TAMS 0x00000000c1600000| PB 0x00000000c1600000| Untracked |  0
|   1|0x00000000c1700000, 0x00000000c1700000, 0x00000000c1800000|  0%| F|  |TAMS 0x00000000c1700000| PB 0x00000000c1700000| Untracked |  0
|   2|0x00000000c1800000, 0x00000000c1800000, 0x00000000c1900000|  0%| F|  |TAMS 0x00000000c1800000| PB 0x00000000c1800000| Untracked |  0
|   3|0x00000000c1900000, 0x00000000c1900000, 0x00000000c1a00000|  0%| F|  |TAMS 0x00000000c1900000| PB 0x00000000c1900000| Untracked |  0
|   4|0x00000000c1a00000, 0x00000000c1a00000, 0x00000000c1b00000|  0%| F|  |TAMS 0x00000000c1a00000| PB 0x00000000c1a00000| Untracked |  0
|   5|0x00000000c1b00000, 0x00000000c1b00000, 0x00000000c1c00000|  0%| F|  |TAMS 0x00000000c1b00000| PB 0x00000000c1b00000| Untracked |  0
|   6|0x00000000c1c00000, 0x00000000c1c00000, 0x00000000c1d00000|  0%| F|  |TAMS 0x00000000c1c00000| PB 0x00000000c1c00000| Untracked |  0
|   7|0x00000000c1d00000, 0x00000000c1d00000, 0x00000000c1e00000|  0%| F|  |TAMS 0x00000000c1d00000| PB 0x00000000c1d00000| Untracked |  0
|   8|0x00000000c1e00000, 0x00000000c1e00000, 0x00000000c1f00000|  0%| F|  |TAMS 0x00000000c1e00000| PB 0x00000000c1e00000| Untracked |  0
|   9|0x00000000c1f00000, 0x00000000c1f00000, 0x00000000c2000000|  0%| F|  |TAMS 0x00000000c1f00000| PB 0x00000000c1f00000| Untracked |  0
|  10|0x00000000c2000000, 0x00000000c2000000, 0x00000000c2100000|  0%| F|  |TAMS 0x00000000c2000000| PB 0x00000000c2000000| Untracked |  0
|  11|0x00000000c2100000, 0x00000000c2100000, 0x00000000c2200000|  0%| F|  |TAMS 0x00000000c2100000| PB 0x00000000c2100000| Untracked |  0
|  12|0x00000000c2200000, 0x00000000c2200000, 0x00000000c2300000|  0%| F|  |TAMS 0x00000000c2200000| PB 0x00000000c2200000| Untracked |  0
|  13|0x00000000c2300000, 0x00000000c2300000, 0x00000000c2400000|  0%| F|  |TAMS 0x00000000c2300000| PB 0x00000000c2300000| Untracked |  0
|  14|0x00000000c2400000, 0x00000000c2400000, 0x00000000c2500000|  0%| F|  |TAMS 0x00000000c2400000| PB 0x00000000c2400000| Untracked |  0
|  15|0x00000000c2500000, 0x00000000c2500000, 0x00000000c2600000|  0%| F|  |TAMS 0x00000000c2500000| PB 0x00000000c2500000| Untracked |  0
|  16|0x00000000c2600000, 0x00000000c2600000, 0x00000000c2700000|  0%| F|  |TAMS 0x00000000c2600000| PB 0x00000000c2600000| Untracked |  0
|  17|0x00000000c2700000, 0x00000000c2700000, 0x00000000c2800000|  0%| F|  |TAMS 0x00000000c2700000| PB 0x00000000c2700000| Untracked |  0
|  18|0x00000000c2800000, 0x00000000c2800000, 0x00000000c2900000|  0%| F|  |TAMS 0x00000000c2800000| PB 0x00000000c2800000| Untracked |  0
|  19|0x00000000c2900000, 0x00000000c2900000, 0x00000000c2a00000|  0%| F|  |TAMS 0x00000000c2900000| PB 0x00000000c2900000| Untracked |  0
|  20|0x00000000c2a00000, 0x00000000c2a00000, 0x00000000c2b00000|  0%| F|  |TAMS 0x00000000c2a00000| PB 0x00000000c2a00000| Untracked |  0
|  21|0x00000000c2b00000, 0x00000000c2b00000, 0x00000000c2c00000|  0%| F|  |TAMS 0x00000000c2b00000| PB 0x00000000c2b00000| Untracked |  0
|  22|0x00000000c2c00000, 0x00000000c2c00000, 0x00000000c2d00000|  0%| F|  |TAMS 0x00000000c2c00000| PB 0x00000000c2c00000| Untracked |  0
|  23|0x00000000c2d00000, 0x00000000c2d00000, 0x00000000c2e00000|  0%| F|  |TAMS 0x00000000c2d00000| PB 0x00000000c2d00000| Untracked |  0
|  24|0x00000000c2e00000, 0x00000000c2e00000, 0x00000000c2f00000|  0%| F|  |TAMS 0x00000000c2e00000| PB 0x00000000c2e00000| Untracked |  0
|  25|0x00000000c2f00000, 0x00000000c2f00000, 0x00000000c3000000|  0%| F|  |TAMS 0x00000000c2f00000| PB 0x00000000c2f00000| Untracked |  0
|  26|0x00000000c3000000, 0x00000000c3000000, 0x00000000c3100000|  0%| F|  |TAMS 0x00000000c3000000| PB 0x00000000c3000000| Untracked |  0
|  27|0x00000000c3100000, 0x00000000c3100000, 0x00000000c3200000|  0%| F|  |TAMS 0x00000000c3100000| PB 0x00000000c3100000| Untracked |  0
|  28|0x00000000c3200000, 0x00000000c3200000, 0x00000000c3300000|  0%| F|  |TAMS 0x00000000c3200000| PB 0x00000000c3200000| Untracked |  0
|  29|0x00000000c3300000, 0x00000000c3300000, 0x00000000c3400000|  0%| F|  |TAMS 0x00000000c3300000| PB 0x00000000c3300000| Untracked |  0
|  30|0x00000000c3400000, 0x00000000c3400000, 0x00000000c3500000|  0%| F|  |TAMS 0x00000000c3400000| PB 0x00000000c3400000| Untracked |  0
|  31|0x00000000c3500000, 0x00000000c3500000, 0x00000000c3600000|  0%| F|  |TAMS 0x00000000c3500000| PB 0x00000000c3500000| Untracked |  0
|  32|0x00000000c3600000, 0x00000000c3600000, 0x00000000c3700000|  0%| F|  |TAMS 0x00000000c3600000| PB 0x00000000c3600000| Untracked |  0
|  33|0x00000000c3700000, 0x00000000c3700000, 0x00000000c3800000|  0%| F|  |TAMS 0x00000000c3700000| PB 0x00000000c3700000| Untracked |  0
|  34|0x00000000c3800000, 0x00000000c3800000, 0x00000000c3900000|  0%| F|  |TAMS 0x00000000c3800000| PB 0x00000000c3800000| Untracked |  0
|  35|0x00000000c3900000, 0x00000000c3900000, 0x00000000c3a00000|  0%| F|  |TAMS 0x00000000c3900000| PB 0x00000000c3900000| Untracked |  0
|  36|0x00000000c3a00000, 0x00000000c3a00000, 0x00000000c3b00000|  0%| F|  |TAMS 0x00000000c3a00000| PB 0x00000000c3a00000| Untracked |  0
|  37|0x00000000c3b00000, 0x00000000c3b00000, 0x00000000c3c00000|  0%| F|  |TAMS 0x00000000c3b00000| PB 0x00000000c3b00000| Untracked |  0
|  38|0x00000000c3c00000, 0x00000000c3c00000, 0x00000000c3d00000|  0%| F|  |TAMS 0x00000000c3c00000| PB 0x00000000c3c00000| Untracked |  0
|  39|0x00000000c3d00000, 0x00000000c3d00000, 0x00000000c3e00000|  0%| F|  |TAMS 0x00000000c3d00000| PB 0x00000000c3d00000| Untracked |  0
|  40|0x00000000c3e00000, 0x00000000c3e00000, 0x00000000c3f00000|  0%| F|  |TAMS 0x00000000c3e00000| PB 0x00000000c3e00000| Untracked |  0
|  41|0x00000000c3f00000, 0x00000000c3f00000, 0x00000000c4000000|  0%| F|  |TAMS 0x00000000c3f00000| PB 0x00000000c3f00000| Untracked |  0
|  42|0x00000000c4000000, 0x00000000c4000000, 0x00000000c4100000|  0%| F|  |TAMS 0x00000000c4000000| PB 0x00000000c4000000| Untracked |  0
|  43|0x00000000c4100000, 0x00000000c4100000, 0x00000000c4200000|  0%| F|  |TAMS 0x00000000c4100000| PB 0x00000000c4100000| Untracked |  0
|  44|0x00000000c4200000, 0x00000000c4200000, 0x00000000c4300000|  0%| F|  |TAMS 0x00000000c4200000| PB 0x00000000c4200000| Untracked |  0
|  45|0x00000000c4300000, 0x00000000c4300000, 0x00000000c4400000|  0%| F|  |TAMS 0x00000000c4300000| PB 0x00000000c4300000| Untracked |  0
|  46|0x00000000c4400000, 0x00000000c4400000, 0x00000000c4500000|  0%| F|  |TAMS 0x00000000c4400000| PB 0x00000000c4400000| Untracked |  0
|  47|0x00000000c4500000, 0x00000000c4500000, 0x00000000c4600000|  0%| F|  |TAMS 0x00000000c4500000| PB 0x00000000c4500000| Untracked |  0
|  48|0x00000000c4600000, 0x00000000c4600000, 0x00000000c4700000|  0%| F|  |TAMS 0x00000000c4600000| PB 0x00000000c4600000| Untracked |  0
|  49|0x00000000c4700000, 0x00000000c4700000, 0x00000000c4800000|  0%| F|  |TAMS 0x00000000c4700000| PB 0x00000000c4700000| Untracked |  0
|  50|0x00000000c4800000, 0x00000000c4800000, 0x00000000c4900000|  0%| F|  |TAMS 0x00000000c4800000| PB 0x00000000c4800000| Untracked |  0
|  51|0x00000000c4900000, 0x00000000c4900000, 0x00000000c4a00000|  0%| F|  |TAMS 0x00000000c4900000| PB 0x00000000c4900000| Untracked |  0
|  52|0x00000000c4a00000, 0x00000000c4a00000, 0x00000000c4b00000|  0%| F|  |TAMS 0x00000000c4a00000| PB 0x00000000c4a00000| Untracked |  0
|  53|0x00000000c4b00000, 0x00000000c4b00000, 0x00000000c4c00000|  0%| F|  |TAMS 0x00000000c4b00000| PB 0x00000000c4b00000| Untracked |  0
|  54|0x00000000c4c00000, 0x00000000c4c00000, 0x00000000c4d00000|  0%| F|  |TAMS 0x00000000c4c00000| PB 0x00000000c4c00000| Untracked |  0
|  55|0x00000000c4d00000, 0x00000000c4d00000, 0x00000000c4e00000|  0%| F|  |TAMS 0x00000000c4d00000| PB 0x00000000c4d00000| Untracked |  0
|  56|0x00000000c4e00000, 0x00000000c4e00000, 0x00000000c4f00000|  0%| F|  |TAMS 0x00000000c4e00000| PB 0x00000000c4e00000| Untracked |  0
|  57|0x00000000c4f00000, 0x00000000c4f00000, 0x00000000c5000000|  0%| F|  |TAMS 0x00000000c4f00000| PB 0x00000000c4f00000| Untracked |  0
|  58|0x00000000c5000000, 0x00000000c5000000, 0x00000000c5100000|  0%| F|  |TAMS 0x00000000c5000000| PB 0x00000000c5000000| Untracked |  0
|  59|0x00000000c5100000, 0x00000000c5100000, 0x00000000c5200000|  0%| F|  |TAMS 0x00000000c5100000| PB 0x00000000c5100000| Untracked |  0
|  60|0x00000000c5200000, 0x00000000c5200000, 0x00000000c5300000|  0%| F|  |TAMS 0x00000000c5200000| PB 0x00000000c5200000| Untracked |  0
|  61|0x00000000c5300000, 0x00000000c5300000, 0x00000000c5400000|  0%| F|  |TAMS 0x00000000c5300000| PB 0x00000000c5300000| Untracked |  0
|  62|0x00000000c5400000, 0x00000000c5400000, 0x00000000c5500000|  0%| F|  |TAMS 0x00000000c5400000| PB 0x00000000c5400000| Untracked |  0
|  63|0x00000000c5500000, 0x00000000c5547b50, 0x00000000c5600000| 28%| E|  |TAMS 0x00000000c5500000| PB 0x00000000c5500000| Complete |  0

Card table byte_map: [0x000001eda7ab0000,0x000001eda7cb0000] _byte_map_base: 0x000001eda74a5000

Marking Bits: (CMBitMap*) 0x000001ed901a6a50
 Bits: [0x000001eda7cb0000, 0x000001eda8c58000)

Polling page: 0x000001ed8e210000

Metaspace:

Usage:
  Non-class:      2.44 MB used.
      Class:    199.84 KB used.
       Both:      2.63 MB used.

Virtual space:
  Non-class space:       64.00 MB reserved,       2.44 MB (  4%) committed,  1 nodes.
      Class space:        1.00 GB reserved,     256.00 KB ( <1%) committed,  1 nodes.
             Both:        1.06 GB reserved,       2.69 MB ( <1%) committed. 

Chunk freelists:
   Non-Class:  12.00 MB
       Class:  15.75 MB
        Both:  27.75 MB

MaxMetaspaceSize: unlimited
CompressedClassSpaceSize: 1.00 GB
Initial GC threshold: 21.00 MB
Current GC threshold: 17179869184.00 GB
CDS: off
 - commit_granule_bytes: 65536.
 - commit_granule_words: 8192.
 - virtual_space_node_default_size: 8388608.
 - enlarge_chunks_in_place: 1.
 - use_allocation_guard: 0.


Internal statistics:

num_allocs_failed_limit: 0.
num_arena_births: 2.
num_arena_deaths: 0.
num_vsnodes_births: 2.
num_vsnodes_deaths: 0.
num_space_committed: 43.
num_space_uncommitted: 0.
num_chunks_returned_to_freelist: 0.
num_chunks_taken_from_freelist: 3.
num_chunk_merges: 0.
num_chunk_splits: 2.
num_chunks_enlarged: 0.
num_inconsistent_stats: 0.

CodeHeap 'non-profiled nmethods': size=120064Kb used=0Kb max_used=0Kb free=120064Kb
 bounds [0x000001eda0370000, 0x000001eda05e0000, 0x000001eda78b0000]
CodeHeap 'profiled nmethods': size=120000Kb used=0Kb max_used=0Kb free=120000Kb
 bounds [0x000001ed988b0000, 0x000001ed98b20000, 0x000001ed9fde0000]
CodeHeap 'non-nmethods': size=5696Kb used=421Kb max_used=421Kb free=5274Kb
 bounds [0x000001ed9fde0000, 0x000001eda0050000, 0x000001eda0370000]
CodeCache: size=245760Kb, used=421Kb, max_used=421Kb, free=245338Kb
 total_blobs=180, nmethods=0, adapters=151, full_count=0
Compilation: enabled, stopped_count=0, restarted_count=0

Compilation events (0 events):
No events

GC Heap History (0 events):
No events

Dll operation events (1 events):
Event: 0.052 Loaded shared library C:\Users\rc055\.jdks\openjdk-23.0.2\bin\java.dll

Deoptimization events (0 events):
No events

Classes loaded (20 events):
Event: 0.240 Loading class java/io/OutputStreamWriter done
Event: 0.240 Loading class sun/nio/cs/StreamEncoder
Event: 0.242 Loading class sun/nio/cs/StreamEncoder done
Event: 0.242 Loading class sun/nio/cs/SingleByte$Encoder
Event: 0.242 Loading class sun/nio/cs/ArrayEncoder
Event: 0.242 Loading class sun/nio/cs/ArrayEncoder done
Event: 0.242 Loading class java/nio/charset/CharsetEncoder
Event: 0.243 Loading class java/nio/charset/CharsetEncoder done
Event: 0.243 Loading class sun/nio/cs/SingleByte$Encoder done
Event: 0.243 Loading class sun/nio/cs/MS1252$Holder
Event: 0.243 Loading class sun/nio/cs/MS1252$Holder done
Event: 0.243 Loading class java/lang/StringUTF16
Event: 0.245 Loading class java/lang/StringUTF16 done
Event: 0.246 Loading class sun/nio/cs/SingleByte
Event: 0.246 Loading class sun/nio/cs/SingleByte done
Event: 0.246 Loading class java/nio/charset/CodingErrorAction
Event: 0.248 Loading class java/nio/charset/CodingErrorAction done
Event: 0.249 Loading class java/nio/ByteBuffer
Event: 0.250 Loading class java/nio/ByteBuffer done
Event: 0.250 Loading class jdk/internal/misc/ScopedMemoryAccess

Classes unloaded (0 events):
No events

Classes redefined (0 events):
No events

Internal exceptions (0 events):
No events

VM Operations (0 events):
No events

Memory protections (0 events):
No events

Nmethod flushes (0 events):
No events

Events (1 events):
Event: 0.066 Thread 0x000001ed9016d620 Thread added: 0x000001ed9016d620


Dynamic libraries:
0x00007ff6c8ba0000 - 0x00007ff6c8bae000 	C:\Users\rc055\.jdks\openjdk-23.0.2\bin\java.exe
0x00007ffb46570000 - 0x00007ffb46768000 	C:\Windows\SYSTEM32\ntdll.dll
0x00007ffb44fa0000 - 0x00007ffb45062000 	C:\Windows\System32\KERNEL32.DLL
0x00007ffb43c10000 - 0x00007ffb43f0f000 	C:\Windows\System32\KERNELBASE.dll
0x00007ffb44310000 - 0x00007ffb44410000 	C:\Windows\System32\ucrtbase.dll
0x00007ffb3ea90000 - 0x00007ffb3eaa7000 	C:\Users\rc055\.jdks\openjdk-23.0.2\bin\jli.dll
0x00007ffb46220000 - 0x00007ffb463bd000 	C:\Windows\System32\USER32.dll
0x00007ffb442e0000 - 0x00007ffb44302000 	C:\Windows\System32\win32u.dll
0x00007ffb464a0000 - 0x00007ffb464cb000 	C:\Windows\System32\GDI32.dll
0x00007ffb441c0000 - 0x00007ffb442da000 	C:\Windows\System32\gdi32full.dll
0x00007ffb444f0000 - 0x00007ffb4458d000 	C:\Windows\System32\msvcp_win.dll
0x00007ffb3ea70000 - 0x00007ffb3ea8b000 	C:\Users\rc055\.jdks\openjdk-23.0.2\bin\VCRUNTIME140.dll
0x00007ffb342c0000 - 0x00007ffb3455a000 	C:\Windows\WinSxS\amd64_microsoft.windows.common-controls_6595b64144ccf1df_6.0.19041.4355_none_60b8b9eb71f62e16\COMCTL32.dll
0x00007ffb45210000 - 0x00007ffb452ae000 	C:\Windows\System32\msvcrt.dll
0x00007ffb44610000 - 0x00007ffb4463f000 	C:\Windows\System32\IMM32.DLL
0x00007ffb3d960000 - 0x00007ffb3d96c000 	C:\Users\rc055\.jdks\openjdk-23.0.2\bin\vcruntime140_1.dll
0x00007ffb02630000 - 0x00007ffb026be000 	C:\Users\rc055\.jdks\openjdk-23.0.2\bin\msvcp140.dll
0x00007ffabfb50000 - 0x00007ffac08a0000 	C:\Users\rc055\.jdks\openjdk-23.0.2\bin\server\jvm.dll
0x00007ffb45160000 - 0x00007ffb4520f000 	C:\Windows\System32\ADVAPI32.dll
0x00007ffb44650000 - 0x00007ffb446ef000 	C:\Windows\System32\sechost.dll
0x00007ffb45500000 - 0x00007ffb45623000 	C:\Windows\System32\RPCRT4.dll
0x00007ffb44410000 - 0x00007ffb44437000 	C:\Windows\System32\bcrypt.dll
0x00007ffb452b0000 - 0x00007ffb4531b000 	C:\Windows\System32\WS2_32.dll
0x00007ffb43a70000 - 0x00007ffb43abb000 	C:\Windows\SYSTEM32\POWRPROF.dll
0x00007ffb36170000 - 0x00007ffb36197000 	C:\Windows\SYSTEM32\WINMM.dll
0x00007ffb367a0000 - 0x00007ffb367aa000 	C:\Windows\SYSTEM32\VERSION.dll
0x00007ffb43a50000 - 0x00007ffb43a62000 	C:\Windows\SYSTEM32\UMPDC.dll
0x00007ffb41a50000 - 0x00007ffb41a62000 	C:\Windows\SYSTEM32\kernel.appcore.dll
0x00007ffb3c290000 - 0x00007ffb3c29a000 	C:\Users\rc055\.jdks\openjdk-23.0.2\bin\jimage.dll
0x00007ffb306d0000 - 0x00007ffb308b4000 	C:\Windows\SYSTEM32\DBGHELP.DLL
0x00007ffb2fe90000 - 0x00007ffb2fec4000 	C:\Windows\SYSTEM32\dbgcore.DLL
0x00007ffb440e0000 - 0x00007ffb44162000 	C:\Windows\System32\bcryptPrimitives.dll
0x00007ffb360e0000 - 0x00007ffb360fe000 	C:\Users\rc055\.jdks\openjdk-23.0.2\bin\java.dll
0x00007ffb453d0000 - 0x00007ffb454fb000 	C:\Windows\System32\ole32.dll
0x00007ffb45ec0000 - 0x00007ffb46215000 	C:\Windows\System32\combase.dll
0x00007ffb44750000 - 0x00007ffb44ebd000 	C:\Windows\System32\SHELL32.dll
0x00007ffb41c50000 - 0x00007ffb423f4000 	C:\Windows\SYSTEM32\windows.storage.dll
0x00007ffb434f0000 - 0x00007ffb4351f000 	C:\Windows\SYSTEM32\Wldp.dll
0x00007ffb44ed0000 - 0x00007ffb44f9d000 	C:\Windows\System32\OLEAUT32.dll
0x00007ffb45750000 - 0x00007ffb457fd000 	C:\Windows\System32\SHCORE.dll
0x00007ffb450e0000 - 0x00007ffb45135000 	C:\Windows\System32\shlwapi.dll
0x00007ffb43b40000 - 0x00007ffb43b64000 	C:\Windows\SYSTEM32\profapi.dll

dbghelp: loaded successfully - version: 4.0.5 - missing functions: none
symbol engine: initialized successfully - sym options: 0x614 - pdb path: .;C:\Users\rc055\.jdks\openjdk-23.0.2\bin;C:\Windows\SYSTEM32;C:\Windows\WinSxS\amd64_microsoft.windows.common-controls_6595b64144ccf1df_6.0.19041.4355_none_60b8b9eb71f62e16;C:\Users\rc055\.jdks\openjdk-23.0.2\bin\server

VM Arguments:
jvm_args: -Dnet.bytebuddy.agent.attacher.dump= 
java_command: net.bytebuddy.agent.Attacher com.sun.tools.attach.VirtualMachine 1688 C:\Users\rc055\.m2\repository\net\bytebuddy\byte-buddy-agent\1.15.11\byte-buddy-agent-1.15.11.jar false 
java_class_path (initial): C:\Users\rc055\.m2\repository\net\bytebuddy\byte-buddy-agent\1.15.11\byte-buddy-agent-1.15.11.jar
Launcher Type: SUN_STANDARD

[Global flags]
     intx CICompilerCount                          = 3                                         {product} {ergonomic}
     uint ConcGCThreads                            = 1                                         {product} {ergonomic}
     uint G1ConcRefinementThreads                  = 4                                         {product} {ergonomic}
   size_t G1HeapRegionSize                         = 1048576                                   {product} {ergonomic}
   size_t InitialHeapSize                          = 67108864                                  {product} {ergonomic}
   size_t MarkStackSize                            = 4194304                                   {product} {ergonomic}
   size_t MarkStackSizeMax                         = 536870912                                 {product} {ergonomic}
   size_t MaxHeapSize                              = 1050673152                                {product} {ergonomic}
   size_t MaxNewSize                               = 630194176                                 {product} {ergonomic}
   size_t MinHeapDeltaBytes                        = 1048576                                   {product} {ergonomic}
   size_t MinHeapSize                              = 8388608                                   {product} {ergonomic}
    uintx NonNMethodCodeHeapSize                   = 5832704                                {pd product} {ergonomic}
    uintx NonProfiledCodeHeapSize                  = 122945536                              {pd product} {ergonomic}
    uintx ProfiledCodeHeapSize                     = 122880000                              {pd product} {ergonomic}
    uintx ReservedCodeCacheSize                    = 251658240                              {pd product} {ergonomic}
     bool SegmentedCodeCache                       = true                                      {product} {ergonomic}
   size_t SoftMaxHeapSize                          = 1050673152                             {manageable} {ergonomic}
     bool UseCompressedOops                        = true                           {product lp64_product} {ergonomic}
     bool UseG1GC                                  = true                                      {product} {ergonomic}
     bool UseLargePagesIndividualAllocation        = false                                  {pd product} {ergonomic}

Logging:
Log output configuration:
 #0: stdout all=warning uptime,level,tags foldmultilines=false
 #1: stderr all=off uptime,level,tags foldmultilines=false

Environment Variables:
PATH=C:\app\SOLO\product\21c\dbhomeXE\bin;C:\Program Files (x86)\Intel\iCLS Client\;C:\Program Files\Intel\iCLS Client\;C:\Windows\system32;C:\Windows;C:\Windows\System32\Wbem;C:\Windows\System32\WindowsPowerShell\v1.0\;C:\Windows\System32\OpenSSH\;C:\Program Files\dotnet\;C:\Program Files (x86)\Intel\Intel(R) Management Engine Components\DAL;C:\Program Files\Intel\Intel(R) Management Engine Components\DAL;C:\Program Files (x86)\Intel\Intel(R) Management Engine Components\IPT;C:\Program Files\Intel\Intel(R) Management Engine Components\IPT;C:\Program Files\Git\cmd;C:\Users\rc055\AppData\Local\Programs\Python\Python313;C:\Users\rc055\AppData\Local\Programs\Python\Python313\Scripts;C:\Users\rc055\AppData\Local\Programs\Python\Python313\Lib\site-packages;C:\Program Files\MongoDB\Server\8.0\bin;C:\Program Files\MongoDB\mongosh-2.3.9-win32-x64\bin;C:\Program Files\MySQL\mysql-8.0.41-winx64\bin;;C:\Program Files\Docker\Docker\resources\bin;C:\Program Files\MySQL\MySQL Shell 8.0\bin\;C:\Users\rc055\AppData\Local\Microsoft\WindowsApps;C:\Users\rc055\AppData\Local\Programs\Microsoft VS Code\bin;C:\Users\rc055\AppData\Local\JetBrains\Toolbox\scripts;;C:\Users\rc055\AppData\Local\JetBrains\IntelliJ IDEA Community Edition 2024.3.1.1\bin;
USERNAME=SOLO
OS=Windows_NT
PROCESSOR_IDENTIFIER=Intel64 Family 6 Model 58 Stepping 9, GenuineIntel
TMP=C:\Users\rc055\AppData\Local\Temp
TEMP=C:\Users\rc055\AppData\Local\Temp




Periodic native trim disabled

---------------  S Y S T E M  ---------------

OS:
 Windows 10 , 64 bit Build 19041 (10.0.19041.5440)
OS uptime: 0 days 2:08 hours
Hyper-V role detected

CPU: total 4 (initial active 4) (2 cores per cpu, 2 threads per core) family 6 model 58 stepping 9 microcode 0x21, cx8, cmov, fxsr, ht, mmx, sse, sse2, sse3, ssse3, sse4.1, sse4.2, popcnt, tsc, tscinvbit, avx, aes, erms, clmul, vzeroupper, clflush, hv, rdtscp, f16c
Processor Information for the first 4 processors :
  Max Mhz: 2701, Current Mhz: 2701, Mhz Limit: 2701

Memory: 4k page, system-wide physical 4000M (115M free)
TotalPageFile size 16288M (AvailPageFile size 7M)
current process WorkingSet (physical memory assigned to process): 20M, peak: 20M
current process commit charge ("private bytes"): 123M, peak: 123M

vm_info: OpenJDK 64-Bit Server VM (23.0.2+7-58) for windows-amd64 JRE (23.0.2+7-58), built on 2024-11-29T09:34:55Z with MS VC++ 17.6 (VS2022)

END.
